0 info it worked if it ends with ok
1 verbose cli [ '/Users/hugesuccess/.nvm/v0.10.36/bin/node',
1 verbose cli   '/Users/hugesuccess/.nvm/v0.10.36/bin/npm',
1 verbose cli   'install',
1 verbose cli   'node-xbox-controller' ]
2 info using npm@1.4.28
3 info using node@v0.10.36
4 warn package.json Comm@0.0.0 No description
5 warn package.json Comm@0.0.0 No repository field.
6 warn package.json Comm@0.0.0 No README data
7 verbose readDependencies using package.json deps
8 verbose cache add [ 'node-xbox-controller', null ]
9 verbose cache add name=undefined spec="node-xbox-controller" args=["node-xbox-controller",null]
10 verbose parsed url { protocol: null,
10 verbose parsed url   slashes: null,
10 verbose parsed url   auth: null,
10 verbose parsed url   host: null,
10 verbose parsed url   port: null,
10 verbose parsed url   hostname: null,
10 verbose parsed url   hash: null,
10 verbose parsed url   search: null,
10 verbose parsed url   query: null,
10 verbose parsed url   pathname: 'node-xbox-controller',
10 verbose parsed url   path: 'node-xbox-controller',
10 verbose parsed url   href: 'node-xbox-controller' }
11 silly lockFile b9722e24-node-xbox-controller node-xbox-controller
12 verbose lock node-xbox-controller /Users/hugesuccess/.npm/b9722e24-node-xbox-controller.lock
13 silly lockFile b9722e24-node-xbox-controller node-xbox-controller
14 silly lockFile b9722e24-node-xbox-controller node-xbox-controller
15 verbose addNamed [ 'node-xbox-controller', '' ]
16 verbose addNamed [ null, '*' ]
17 silly lockFile 02283e3f-node-xbox-controller node-xbox-controller@
18 verbose lock node-xbox-controller@ /Users/hugesuccess/.npm/02283e3f-node-xbox-controller.lock
19 silly addNameRange { name: 'node-xbox-controller', range: '*', hasData: false }
20 verbose request where is /node-xbox-controller
21 verbose request registry https://registry.npmjs.org/
22 verbose request id 0c372a312e9ed054
23 verbose url raw /node-xbox-controller
24 verbose url resolving [ 'https://registry.npmjs.org/', './node-xbox-controller' ]
25 verbose url resolved https://registry.npmjs.org/node-xbox-controller
26 verbose request where is https://registry.npmjs.org/node-xbox-controller
27 info trying registry request attempt 1 at 18:55:10
28 http GET https://registry.npmjs.org/node-xbox-controller
29 http 404 https://registry.npmjs.org/node-xbox-controller
30 silly registry.get cb [ 404,
30 silly registry.get   { 'content-type': 'application/json',
30 silly registry.get     'cache-control': 'max-age=0',
30 silly registry.get     'content-length': '2',
30 silly registry.get     'accept-ranges': 'bytes',
30 silly registry.get     date: 'Wed, 07 Oct 2015 01:55:11 GMT',
30 silly registry.get     via: '1.1 varnish',
30 silly registry.get     age: '0',
30 silly registry.get     connection: 'keep-alive',
30 silly registry.get     'x-served-by': 'cache-lax1434-LAX',
30 silly registry.get     'x-cache': 'MISS',
30 silly registry.get     'x-cache-hits': '0',
30 silly registry.get     'x-timer': 'S1444182911.138910,VS0,VE53' } ]
31 silly lockFile 02283e3f-node-xbox-controller node-xbox-controller@
32 silly lockFile 02283e3f-node-xbox-controller node-xbox-controller@
33 error 404 Not Found
33 error 404
33 error 404 'node-xbox-controller' is not in the npm registry.
33 error 404 You should bug the author to publish it
33 error 404 It was specified as a dependency of 'Comm'
33 error 404
33 error 404 Maybe try 'npm search xbox controller'
33 error 404
33 error 404 Note that you can also install from a
33 error 404 tarball, folder, or http url, or git url.
34 error System Darwin 14.5.0
35 error command "/Users/hugesuccess/.nvm/v0.10.36/bin/node" "/Users/hugesuccess/.nvm/v0.10.36/bin/npm" "install" "node-xbox-controller"
36 error cwd /Users/hugesuccess/Development/workspace/comm
37 error node -v v0.10.36
38 error npm -v 1.4.28
39 error code E404
40 verbose exit [ 1, true ]
